<?xml version="1.0" encoding="UTF-8"?>
<testsuite xmlns:xsi="http://www.w3.org/2001/XMLSchema-instance" xsi:noNamespaceSchemaLocation="https://maven.apache.org/surefire/maven-surefire-plugin/xsd/surefire-test-report.xsd" name="PGLP_9_9.Exercice_9_9.RectangleTest" time="0.004" tests="4" errors="0" skipped="0" failures="0">
  <properties>
[...]
</properties>
  <testcase name="testDraw" classname="PGLP_9_9.Exercice_9_9.RectangleTest" time="0"/>
  <testcase name="testMove" classname="PGLP_9_9.Exercice_9_9.RectangleTest" time="0"/>
  <testcase name="testConstructeur" classname="PGLP_9_9.Exercice_9_9.RectangleTest" time="0"/>
  <testcase name="testSetter" classname="PGLP_9_9.Exercice_9_9.RectangleTest" time="0"/>
</testsuite>